<?xml version="1.0" encoding="UTF-8"?>
<testsuite name="org.michalzalewski.PairCodingExercisesTest" tests="29" skipped="0" failures="0" errors="0" timestamp="2022-02-13T10:32:51" hostname="linux-mini" time="0.052">
  <properties/>
  <testcase name="1: Test some task2 with params () and true" classname="org.michalzalewski.PairCodingExercisesTest" time="0.026"/>
  <testcase name="2: Test some task2 with params ()[]{} and true" classname="org.michalzalewski.PairCodingExercisesTest" time="0.0"/>
  <testcase name="3: Test some task2 with params (] and false" classname="org.michalzalewski.PairCodingExercisesTest" time="0.001"/>
  <testcase name="4: Test some task2 with params )( and false" classname="org.michalzalewski.PairCodingExercisesTest" time="0.001"/>
  <testcase name="5: Test some task2 with params ([)] and false" classname="org.michalzalewski.PairCodingExercisesTest" time="0.001"/>
  <testcase name="6: Test some task2 with params {[]} and true" classname="org.michalzalewski.PairCodingExercisesTest" time="0.001"/>
  <testcase name="7: Test some task2 with params ) and false" classname="org.michalzalewski.PairCodingExercisesTest" time="0.001"/>
  <testcase name="8: Test some task2 with params ( and false" classname="org.michalzalewski.PairCodingExercisesTest" time="0.001"/>
  <testcase name="9: Test some task2 with params [ and false" classname="org.michalzalewski.PairCodingExercisesTest" time="0.0"/>
  <testcase name="10: Test some task2 with params ] and false" classname="org.michalzalewski.PairCodingExercisesTest" time="0.0"/>
  <testcase name="11: Test some task2 with params { and false" classname="org.michalzalewski.PairCodingExercisesTest" time="0.001"/>
  <testcase name="12: Test some task2 with params } and false" classname="org.michalzalewski.PairCodingExercisesTest" time="0.001"/>
  <testcase name="13: Test some task2 with params ([] and false" classname="org.michalzalewski.PairCodingExercisesTest" time="0.0"/>
  <testcase name="14: Test some task2 with params (((((((((()))))))))) and true" classname="org.michalzalewski.PairCodingExercisesTest" time="0.001"/>
  <testcase name="15: Test some task2 with params  and true" classname="org.michalzalewski.PairCodingExercisesTest" time="0.0"/>
  <testcase name="16: Test some task2 with params null and true" classname="org.michalzalewski.PairCodingExercisesTest" time="0.0"/>
  <testcase name="17: Test some task2 with params ()]] and false" classname="org.michalzalewski.PairCodingExercisesTest" time="0.0"/>
  <testcase name="1: Test some task with params ABCD and DABC" classname="org.michalzalewski.PairCodingExercisesTest" time="0.0"/>
  <testcase name="2: Test some task with params AABB and BBAA" classname="org.michalzalewski.PairCodingExercisesTest" time="0.0"/>
  <testcase name="3: Test some task with params AAAB and AABC" classname="org.michalzalewski.PairCodingExercisesTest" time="0.0"/>
  <testcase name="4: Test some task with params ACBA and ABBC" classname="org.michalzalewski.PairCodingExercisesTest" time="0.0"/>
  <testcase name="5: Test some task with params A and A" classname="org.michalzalewski.PairCodingExercisesTest" time="0.0"/>
  <testcase name="6: Test some task with params A and B" classname="org.michalzalewski.PairCodingExercisesTest" time="0.0"/>
  <testcase name="7: Test some task with params A and BC" classname="org.michalzalewski.PairCodingExercisesTest" time="0.0"/>
  <testcase name="8: Test some task with params  and BC" classname="org.michalzalewski.PairCodingExercisesTest" time="0.001"/>
  <testcase name="9: Test some task with params X and " classname="org.michalzalewski.PairCodingExercisesTest" time="0.0"/>
  <testcase name="10: Test some task with params null and ZXC" classname="org.michalzalewski.PairCodingExercisesTest" time="0.0"/>
  <testcase name="11: Test some task with params ZXC and null" classname="org.michalzalewski.PairCodingExercisesTest" time="0.001"/>
  <testcase name="12: Test some task with params null and null" classname="org.michalzalewski.PairCodingExercisesTest" time="0.0"/>
  <system-out><![CDATA[]]></system-out>
  <system-err><![CDATA[]]></system-err>
</testsuite>
